2001.01.21 18:39 B C:\Data\TechWritingPortfolio\PDFs\B3947-90013.pdf --> users2.ev1.net /users/~wsc71/portfolio/PDFs B3947-90013.pdf
2001.01.21 18:48 B C:\Data\TechWritingPortfolio\PDFs\B8733-90005.pdf --> users2.ev1.net /users/~wsc71/portfolio/PDFs B8733-90005.pdf
2001.01.21 18:51 B C:\Data\TechWritingPortfolio\PDFs\B8843-90004.pdf --> users2.ev1.net /users/~wsc71/portfolio/PDFs B8843-90004.pdf
2001.01.31 20:17 B C:\Data\TechWritingPortfolio\PDFs\prmwp.pdf --> users2.ev1.net /users/~wsc71/portfolio/PDFs prmwp.pdf
2001.01.31 20:18 B C:\Data\TechWritingPortfolio\PDFs\wlmwp.pdf --> users2.ev1.net /users/~wsc71/portfolio/PDFs wlmwp.pdf
2001.02.27 20:37 B C:\Data\TechWritingPortfolio\PDFs\T1302-90001.pdf --> users2.ev1.net /users/~wsc71/portfolio/PDFs T1302-90001.pdf
2001.04.23 20:03 B C:\Data\TechWritingPortfolio\PDFs\B8844-90002.pdf --> users2.ev1.net /users/~wsc71/portfolio/PDFs B8844-90002.pdf
2001.04.23 20:03 B C:\Data\TechWritingPortfolio\PDFs\odbtkwp.pdf --> users2.ev1.net /users/~wsc71/portfolio/PDFs odbtkwp.pdf
2001.04.23 20:04 B C:\Data\TechWritingPortfolio\PDFs\T1302-90001.pdf --> users2.ev1.net /users/~wsc71/portfolio/PDFs T1302-90001.pdf
2001.04.23 20:05 B C:\Data\TechWritingPortfolio\PDFs\wlmwp.pdf --> users2.ev1.net /users/~wsc71/portfolio/PDFs wlmwp.pdf
2002.02.10 13:37 B C:\Data\TechWritingPortfolio\PDFs\prmwp.pdf --> users2.ev1.net /users/~wsc71/portfolio prmwp.pdf
2002.02.10 13:38 B C:\Data\TechWritingPortfolio\PDFs\T1302-90007.pdf --> users2.ev1.net /users/~wsc71/portfolio T1302-90007.pdf
2002.02.10 13:39 B C:\Data\TechWritingPortfolio\PDFs\wlmtk.wp.pdf --> users2.ev1.net /users/~wsc71/portfolio wlmtk.wp.pdf
2002.02.10 13:40 B C:\Data\TechWritingPortfolio\PDFs\wlmwp.pdf --> users2.ev1.net /users/~wsc71/portfolio wlmwp.pdf
2002.02.10 13:52 B C:\Data\TechWritingPortfolio\PDFs\prmwp.pdf --> users2.ev1.net /users/~wsc71/portfolio/PDFs prmwp.pdf
2002.02.10 13:53 B C:\Data\TechWritingPortfolio\PDFs\wlmwp.pdf --> users2.ev1.net /users/~wsc71/portfolio/PDFs wlmwp.pdf
2002.02.10 13:59 B C:\Data\TechWritingPortfolio\PDFs\prmwp.pdf --> users2.ev1.net /users/~wsc71/portfolio/PDFs prmwp.pdf
2002.02.10 14:00 B C:\Data\TechWritingPortfolio\PDFs\wlmwp.pdf --> users2.ev1.net /users/~wsc71/portfolio/PDFs wlmwp.pdf
2002.02.18 08:14 B C:\Data\TechWritingPortfolio\PDFs\prmwp.pdf --> users2.ev1.net /users/~wsc71/portfolio/PDFs prmwp.pdf
2002.02.18 08:15 B C:\Data\TechWritingPortfolio\PDFs\wlmtk.wp.pdf --> users2.ev1.net /users/~wsc71/portfolio/PDFs wlmtk.wp.pdf
2002.02.18 08:20 B C:\Data\TechWritingPortfolio\PDFs\prmwp.pdf --> users2.ev1.net /users/~wsc71/portfolio/PDFs prmwp.pdf
2002.04.14 13:38 B C:\Data\TechWritingPortfolio\PDFs\B8844-90003.pdf --> users2.ev1.net /users/~wsc71/portfolio/PDFs B8844-90003.pdf
2002.04.15 16:55 B C:\Data\TechWritingPortfolio\PDFs\wlmtk.wp.pdf --> users2.ev1.net /users/~wsc71/portfolio/PDFs wlmtk.wp.pdf
2002.04.15 16:57 B C:\Data\TechWritingPortfolio\PDFs\wlmwp.pdf --> users2.ev1.net /users/~wsc71/portfolio/PDFs wlmwp.pdf
2002.09.29 20:38 B C:\Data\TechWritingPortfolio\PDFs\wlm.quickref.pdf --> users2.ev1.net /users/~wsc71/portfolio/PDFs wlm.quickref.pdf
2003.06.23 07:24 B C:\Data\TechWritingPortfolio\PDFs\B3947-90013.pdf --> ftpmysite.verizon.net /PDFs B3947-90013.pdf
2003.06.23 07:25 B C:\Data\TechWritingPortfolio\PDFs\B8733-90005.pdf --> ftpmysite.verizon.net /PDFs B8733-90005.pdf
2003.06.23 07:27 B C:\Data\TechWritingPortfolio\PDFs\B8843-90004.pdf --> ftpmysite.verizon.net /PDFs B8843-90004.pdf
2003.06.23 07:29 B C:\Data\TechWritingPortfolio\PDFs\B8844-90002.pdf --> ftpmysite.verizon.net /PDFs B8844-90002.pdf
2003.06.23 07:30 B C:\Data\TechWritingPortfolio\PDFs\B8844-90003.pdf --> ftpmysite.verizon.net /PDFs B8844-90003.pdf
2003.06.23 07:30 B C:\Data\TechWritingPortfolio\PDFs\odbtkwp.pdf --> ftpmysite.verizon.net /PDFs odbtkwp.pdf
2003.06.23 07:31 B C:\Data\TechWritingPortfolio\PDFs\prmwp.pdf --> ftpmysite.verizon.net /PDFs prmwp.pdf
2003.06.23 07:31 B C:\Data\TechWritingPortfolio\PDFs\T1302-90001.pdf --> ftpmysite.verizon.net /PDFs T1302-90001.pdf
2003.06.23 07:31 B C:\Data\TechWritingPortfolio\PDFs\T1302-90007.pdf --> ftpmysite.verizon.net /PDFs T1302-90007.pdf
2003.06.23 07:31 B C:\Data\TechWritingPortfolio\PDFs\wlm.quickref.pdf --> ftpmysite.verizon.net /PDFs wlm.quickref.pdf
2003.06.23 07:32 B C:\Data\TechWritingPortfolio\PDFs\wlmtk.wp.pdf --> ftpmysite.verizon.net /PDFs wlmtk.wp.pdf
2003.06.23 07:32 B C:\Data\TechWritingPortfolio\PDFs\wlmwp.pdf --> ftpmysite.verizon.net /PDFs wlmwp.pdf
2003.06.23 07:32 B C:\Data\TechWritingPortfolio\PDFs\WS_FTP.LOG --> ftpmysite.verizon.net /PDFs WS_FTP.LOG
2004.05.03 19:59 B C:\Data\TechWritingPortfolio\PDFs\prmug.pdf --> ftpmysite.verizon.net /PDFs prmug.pdf
2004.05.03 20:00 B C:\Data\TechWritingPortfolio\PDFs\wlmtk.ug.pdf --> ftpmysite.verizon.net /PDFs wlmtk.ug.pdf
2004.05.03 20:01 B C:\Data\TechWritingPortfolio\PDFs\wlmug.pdf --> ftpmysite.verizon.net /PDFs wlmug.pdf
2004.05.07 09:59 B C:\Data\TechWritingPortfolio\PDFs\prm.overview.pdf --> ftpmysite.verizon.net /PDFs prm.overview.pdf
2004.05.07 10:01 B C:\Data\TechWritingPortfolio\PDFs\wlm.gettingstarted.pdf --> ftpmysite.verizon.net /PDFs wlm.gettingstarted.pdf
2004.05.07 10:01 B C:\Data\TechWritingPortfolio\PDFs\wlm.overview.pdf --> ftpmysite.verizon.net /PDFs wlm.overview.pdf
2004.05.07 10:01 B C:\Data\TechWritingPortfolio\PDFs\wlm.quickref.pdf --> ftpmysite.verizon.net /PDFs wlm.quickref.pdf
2004.05.07 10:02 B C:\Data\TechWritingPortfolio\PDFs\wlmtk.overview.pdf --> ftpmysite.verizon.net /PDFs wlmtk.overview.pdf
