2001.01.21 18:29 B C:\Data\TechWritingPortfolio\scripts\apply.IDX.markers.pl --> users2.ev1.net /users/~wsc71/portfolio/scripts apply.IDX.markers.pl
2001.01.21 18:29 B C:\Data\TechWritingPortfolio\scripts\extract.IDX.markers.pl --> users2.ev1.net /users/~wsc71/portfolio/scripts extract.IDX.markers.pl
2001.01.21 18:29 B C:\Data\TechWritingPortfolio\scripts\gen.TOC.html --> users2.ev1.net /users/~wsc71/portfolio/scripts gen.TOC.html
2001.01.21 18:29 B C:\Data\TechWritingPortfolio\scripts\gen.TOC.numbered.pl --> users2.ev1.net /users/~wsc71/portfolio/scripts gen.TOC.numbered.pl
2001.01.21 18:29 B C:\Data\TechWritingPortfolio\scripts\gen.TOC.pl --> users2.ev1.net /users/~wsc71/portfolio/scripts gen.TOC.pl
2001.01.21 18:29 B C:\Data\TechWritingPortfolio\scripts\promoting.txt --> users2.ev1.net /users/~wsc71/portfolio/scripts promoting.txt
2001.01.21 18:29 B C:\Data\TechWritingPortfolio\scripts\set.draft.string.pl --> users2.ev1.net /users/~wsc71/portfolio/scripts set.draft.string.pl
2001.01.21 18:29 B C:\Data\TechWritingPortfolio\scripts\set.my.FM.doc.preferences.pl --> users2.ev1.net /users/~wsc71/portfolio/scripts set.my.FM.doc.preferences.pl
2001.01.21 18:29 B C:\Data\TechWritingPortfolio\scripts\turn.FM.change.bars.OFF.pl --> users2.ev1.net /users/~wsc71/portfolio/scripts turn.FM.change.bars.OFF.pl
2001.01.21 18:29 B C:\Data\TechWritingPortfolio\scripts\turn.FM.change.bars.ON.pl --> users2.ev1.net /users/~wsc71/portfolio/scripts turn.FM.change.bars.ON.pl
2001.08.02 09:22 B C:\Data\TechWritingPortfolio\scripts\spell.html.files <-- Everyone's Internet (EV1) /users/~wsc71 spell.html.files
2001.08.02 09:22 B C:\Data\TechWritingPortfolio\scripts\spell.html.files.DOSeol <-- Everyone's Internet (EV1) /users/~wsc71 spell.html.files.DOSeol
2001.08.02 09:36 B C:\Data\TechWritingPortfolio\scripts\spell.html.files.txt --> users2.ev1.net /users/~wsc71/portfolio/scripts spell.html.files.txt
2001.08.02 09:47 B C:\Data\TechWritingPortfolio\scripts\apply.IDX.markers.pl.txt --> users2.ev1.net /users/~wsc71/portfolio/scripts apply.IDX.markers.pl.txt
2001.08.02 09:47 B C:\Data\TechWritingPortfolio\scripts\extract.IDX.markers.pl.txt --> users2.ev1.net /users/~wsc71/portfolio/scripts extract.IDX.markers.pl.txt
2001.08.02 09:47 B C:\Data\TechWritingPortfolio\scripts\gen.TOC.numbered.pl.txt --> users2.ev1.net /users/~wsc71/portfolio/scripts gen.TOC.numbered.pl.txt
2001.08.02 09:47 B C:\Data\TechWritingPortfolio\scripts\gen.TOC.pl.txt --> users2.ev1.net /users/~wsc71/portfolio/scripts gen.TOC.pl.txt
2001.08.02 09:47 B C:\Data\TechWritingPortfolio\scripts\set.draft.string.pl.txt --> users2.ev1.net /users/~wsc71/portfolio/scripts set.draft.string.pl.txt
2001.08.02 09:47 B C:\Data\TechWritingPortfolio\scripts\turn.FM.change.bars.OFF.pl.txt --> users2.ev1.net /users/~wsc71/portfolio/scripts turn.FM.change.bars.OFF.pl.txt
2001.08.02 09:47 B C:\Data\TechWritingPortfolio\scripts\turn.FM.change.bars.ON.pl.txt --> users2.ev1.net /users/~wsc71/portfolio/scripts turn.FM.change.bars.ON.pl.txt
2001.08.02 09:49 B C:\Data\TechWritingPortfolio\scripts\set.my.FM.doc.preferences.pl.txt --> users2.ev1.net /users/~wsc71/portfolio/scripts set.my.FM.doc.preferences.pl.txt
2003.06.23 07:32 B C:\Data\TechWritingPortfolio\scripts\apply.IDX.markers.pl.txt --> ftpmysite.verizon.net /scripts apply.IDX.markers.pl.txt
2003.06.23 07:32 B C:\Data\TechWritingPortfolio\scripts\extract.IDX.markers.pl.txt --> ftpmysite.verizon.net /scripts extract.IDX.markers.pl.txt
2003.06.23 07:32 B C:\Data\TechWritingPortfolio\scripts\gen.TOC.html --> ftpmysite.verizon.net /scripts gen.TOC.html
2003.06.23 07:32 B C:\Data\TechWritingPortfolio\scripts\gen.TOC.numbered.pl.txt --> ftpmysite.verizon.net /scripts gen.TOC.numbered.pl.txt
2003.06.23 07:32 B C:\Data\TechWritingPortfolio\scripts\gen.TOC.pl.txt --> ftpmysite.verizon.net /scripts gen.TOC.pl.txt
2003.06.23 07:32 B C:\Data\TechWritingPortfolio\scripts\promoting.txt --> ftpmysite.verizon.net /scripts promoting.txt
2003.06.23 07:32 B C:\Data\TechWritingPortfolio\scripts\set.draft.string.pl.txt --> ftpmysite.verizon.net /scripts set.draft.string.pl.txt
2003.06.23 07:32 B C:\Data\TechWritingPortfolio\scripts\set.my.FM.doc.preferences.pl.txt --> ftpmysite.verizon.net /scripts set.my.FM.doc.preferences.pl.txt
2003.06.23 07:32 B C:\Data\TechWritingPortfolio\scripts\spell.html.files.txt --> ftpmysite.verizon.net /scripts spell.html.files.txt
2003.06.23 07:32 B C:\Data\TechWritingPortfolio\scripts\turn.FM.change.bars.OFF.pl.txt --> ftpmysite.verizon.net /scripts turn.FM.change.bars.OFF.pl.txt
2003.06.23 07:32 B C:\Data\TechWritingPortfolio\scripts\turn.FM.change.bars.ON.pl.txt --> ftpmysite.verizon.net /scripts turn.FM.change.bars.ON.pl.txt
2003.06.23 07:32 B C:\Data\TechWritingPortfolio\scripts\WS_FTP.LOG --> ftpmysite.verizon.net /scripts WS_FTP.LOG
